<?xml version="1.0" encoding="UTF-8"?>
<testsuite name="MainKtTest" tests="8" skipped="0" failures="0" errors="0" timestamp="2024-09-15T15:20:47" hostname="WIN-EB8AV6HR796" time="0.012">
  <properties/>
  <testcase name="commissionMaesto" classname="MainKtTest" time="0.01"/>
  <testcase name="commissionvkOther" classname="MainKtTest" time="0.0"/>
  <testcase name="commissionMaestoMax" classname="MainKtTest" time="0.0"/>
  <testcase name="commissionMir" classname="MainKtTest" time="0.0"/>
  <testcase name="commissionvkPay" classname="MainKtTest" time="0.0"/>
  <testcase name="commissionMastercard" classname="MainKtTest" time="0.001"/>
  <testcase name="commissionvkMastercardMax" classname="MainKtTest" time="0.0"/>
  <testcase name="commissionVisa" classname="MainKtTest" time="0.0"/>
  <system-out><![CDATA[]]></system-out>
  <system-err><![CDATA[]]></system-err>
</testsuite>
